{
  "stats": {
    "suites": 1,
    "tests": 1,
    "passes": 1,
    "pending": 0,
    "failures": 0,
    "start": "2025-09-24T22:54:08.833Z",
    "end": "2025-09-24T22:54:11.814Z",
    "duration": 2981,
    "testsRegistered": 1,
    "passPercent": 100,
    "pendingPercent": 0,
    "other": 0,
    "hasOther": false,
    "skipped": 0,
    "hasSkipped": false
  },
  "results": [
    {
      "uuid": "eafc2a50-275c-4c64-a551-b5d74348d951",
      "title": "",
      "fullFile": "cypress\\e2e\\login.cy.js",
      "file": "cypress\\e2e\\login.cy.js",
      "beforeHooks": [],
      "afterHooks": [],
      "tests": [],
      "suites": [
        {
          "uuid": "6875353a-d38e-464c-acea-cf7221f5ea91",
          "title": "Login",
          "fullFile": "",
          "file": "",
          "beforeHooks": [],
          "afterHooks": [],
          "tests": [
            {
              "title": "Login com sucessooo",
              "fullTitle": "Login Login com sucessooo",
              "timedOut": null,
              "duration": 2808,
              "state": "passed",
              "speed": "fast",
              "pass": true,
              "fail": false,
              "pending": false,
              "context": null,
              "code": "cy.visit(\"https://automationpratice.com.br/login\");\ncy.screenshot('abrindosite');\ncy.get(\"#user\").type(creds.user);\nconsole.log(\"Email está preenchido: \" + creds.user);\ncy.get(\"#password\").type(creds.password, {\n  log: false\n});\ncy.screenshot('logando');\ncy.get(\"#btnLogin\").click();\ncy.screenshot('logado');",
              "err": {},
              "uuid": "f892fa0a-b935-4eaa-a403-ed61ab4f6cf7",
              "parentUUID": "6875353a-d38e-464c-acea-cf7221f5ea91",
              "isHook": false,
              "skipped": false
            }
          ],
          "suites": [],
          "passes": [
            "f892fa0a-b935-4eaa-a403-ed61ab4f6cf7"
          ],
          "failures": [],
          "pending": [],
          "skipped": [],
          "duration": 2808,
          "root": false,
          "rootEmpty": false,
          "_timeout": 2000
        }
      ],
      "passes": [],
      "failures": [],
      "pending": [],
      "skipped": [],
      "duration": 0,
      "root": true,
      "rootEmpty": true,
      "_timeout": 2000
    }
  ],
  "meta": {
    "mocha": {
      "version": "7.0.1"
    },
    "mochawesome": {
      "options": {
        "quiet": false,
        "reportFilename": "mochawesome",
        "saveHtml": true,
        "saveJson": true,
        "consoleReporter": "spec",
        "useInlineDiffs": false,
        "code": true
      },
      "version": "7.1.3"
    },
    "marge": {
      "options": null,
      "version": "6.2.0"
    }
  }
}